==2255254== Memcheck, a memory error detector
==2255254== Copyright (C) 2002-2017, and GNU GPL'd, by Julian Seward et al.
==2255254== Using Valgrind-3.18.1 and LibVEX; rerun with -h for copyright info
==2255254== Command: ./so_long ./src/maps/1_small_map.ber
==2255254== Parent PID: 2245122
==2255254== 
==2255254== Conditional jump or move depends on uninitialised value(s)
==2255254==    at 0x110579: get_next_line (get_next_line.c:87)
==2255254==    by 0x10F60D: check_other_lines (check_rectangle.c:39)
==2255254==    by 0x10F70D: check_rectangle (check_rectangle.c:64)
==2255254==    by 0x10EE57: parsing (parsing.c:90)
==2255254==    by 0x10E9AE: main (main.c:27)
==2255254== 
==2255254== 
==2255254== HEAP SUMMARY:
==2255254==     in use at exit: 0 bytes in 0 blocks
==2255254==   total heap usage: 4 allocs, 4 frees, 44 bytes allocated
==2255254== 
==2255254== All heap blocks were freed -- no leaks are possible
==2255254== 
==2255254== Use --track-origins=yes to see where uninitialised values come from
==2255254== For lists of detected and suppressed errors, rerun with: -s
==2255254== ERROR SUMMARY: 1 errors from 1 contexts (suppressed: 0 from 0)
